<?xml version="1.0" encoding="UTF-8"?>
<testsuite xmlns:xsi="http://www.w3.org/2001/XMLSchema-instance" xsi:noNamespaceSchemaLocation="https://maven.apache.org/surefire/maven-surefire-plugin/xsd/surefire-test-report-3.0.xsd" version="3.0" name="com.mycompany.messageappp2.LOGINTest" time="0.133" tests="22" errors="0" skipped="0" failures="0">
  <properties>
[...]
</properties>
  <testcase name="testLoginUser_Failure" classname="com.mycompany.messageappp2.LOGINTest" time="0.008"/>
  <testcase name="testSendMessage_Option2" classname="com.mycompany.messageappp2.LOGINTest" time="0.018"/>
  <testcase name="testRegUser_AllValid" classname="com.mycompany.messageappp2.LOGINTest" time="0.001"/>
  <testcase name="testRecipientCell_Invalid" classname="com.mycompany.messageappp2.LOGINTest" time="0.0"/>
  <testcase name="testCheckUserName_Valid" classname="com.mycompany.messageappp2.LOGINTest" time="0.0"/>
  <testcase name="testRecipientCell_Valid" classname="com.mycompany.messageappp2.LOGINTest" time="0.001"/>
  <testcase name="testCheckUserName_Invalid" classname="com.mycompany.messageappp2.LOGINTest" time="0.001"/>
  <testcase name="testReturnTotalMessages" classname="com.mycompany.messageappp2.LOGINTest" time="0.001"/>
  <testcase name="testSendMessage_Option1" classname="com.mycompany.messageappp2.LOGINTest" time="0.006"/>
  <testcase name="testLoginUser_Success" classname="com.mycompany.messageappp2.LOGINTest" time="0.001"/>
  <testcase name="testMesssageID_LengthValid" classname="com.mycompany.messageappp2.LOGINTest" time="0.0"/>
  <testcase name="testSendMessage_Option3" classname="com.mycompany.messageappp2.LOGINTest" time="0.002"/>
  <testcase name="testCheckPasswordComplexity_Invalid" classname="com.mycompany.messageappp2.LOGINTest" time="0.002"/>
  <testcase name="testUsernameTooLongEvenWithUnderscore" classname="com.mycompany.messageappp2.LOGINTest" time="0.004"/>
  <testcase name="testCheckPasswordComplexity_Valid" classname="com.mycompany.messageappp2.LOGINTest" time="0.0"/>
  <testcase name="testReturnLoginStatus_Failure" classname="com.mycompany.messageappp2.LOGINTest" time="0.001"/>
  <testcase name="testSendMessage_InvalidOption" classname="com.mycompany.messageappp2.LOGINTest" time="0.0"/>
  <testcase name="testCheckCellPhoneNumber_Invalid" classname="com.mycompany.messageappp2.LOGINTest" time="0.002"/>
  <testcase name="testRegUser_InvalidUsername" classname="com.mycompany.messageappp2.LOGINTest" time="0.001"/>
  <testcase name="testCheckCellPhoneNumber_Valid" classname="com.mycompany.messageappp2.LOGINTest" time="0.0"/>
  <testcase name="testCreateMessageHash_Format" classname="com.mycompany.messageappp2.LOGINTest" time="0.0"/>
  <testcase name="testReturnLoginStatus_Success" classname="com.mycompany.messageappp2.LOGINTest" time="0.007"/>
</testsuite>